# JRE version: Java(TM) SE Runtime Environment (8.0_271-b09) (build 1.8.0_271-b09)
# Java VM: Java HotSpot(TM) 64-Bit Server VM (25.271-b09 mixed mode windows-amd64 compressed oops)
Heap:
 PSYoungGen      total 281088K, used 114863K [0x000000076b000000, 0x000000077df80000, 0x00000007c0000000)
  eden space 264704K, 43% used [0x000000076b000000,0x000000077202be68,0x000000077b280000)
  from space 16384K, 0% used [0x000000077cf80000,0x000000077cf80000,0x000000077df80000)
  to   space 18944K, 0% used [0x000000077ba80000,0x000000077ba80000,0x000000077cd00000)
 ParOldGen       total 236032K, used 26487K [0x00000006c1000000, 0x00000006cf680000, 0x000000076b000000)
  object space 236032K, 11% used [0x00000006c1000000,0x00000006c29ddf88,0x00000006cf680000)
 Metaspace       used 58587K, capacity 61767K, committed 61976K, reserved 1101824K
  class space    used 8076K, capacity 8642K, committed 8744K, reserved 1048576K
GC Heap History (10 events):
Event: 1.739 GC heap before
{Heap before GC invocations=7 (full 1):
 PSYoungGen      total 141824K, used 124526K [0x000000076b000000, 0x0000000778a80000, 0x00000007c0000000)
  eden space 131072K, 88% used [0x000000076b000000,0x00000007720e8498,0x0000000773000000)
  from space 10752K, 82% used [0x0000000773000000,0x00000007738b3508,0x0000000773a80000)
  to   space 9728K, 0% used [0x0000000778100000,0x0000000778100000,0x0000000778a80000)
 ParOldGen       total 100352K, used 7940K [0x00000006c1000000, 0x00000006c7200000, 0x000000076b000000)
  object space 100352K, 7% used [0x00000006c1000000,0x00000006c17c11b0,0x00000006c7200000)
 Metaspace       used 33537K, capacity 35438K, committed 35496K, reserved 1079296K
  class space    used 4662K, capacity 5031K, committed 5032K, reserved 1048576K
Event: 1.743 GC heap after
Heap after GC invocations=7 (full 1):
 PSYoungGen      total 211456K, used 9698K [0x000000076b000000, 0x0000000778d80000, 0x00000007c0000000)
  eden space 201728K, 0% used [0x000000076b000000,0x000000076b000000,0x0000000777500000)
  from space 9728K, 99% used [0x0000000778100000,0x0000000778a78af0,0x0000000778a80000)
  to   space 12288K, 0% used [0x0000000777500000,0x0000000777500000,0x0000000778100000)
 ParOldGen       total 100352K, used 10850K [0x00000006c1000000, 0x00000006c7200000, 0x000000076b000000)
  object space 100352K, 10% used [0x00000006c1000000,0x00000006c1a98a60,0x00000006c7200000)
 Metaspace       used 33537K, capacity 35438K, committed 35496K, reserved 1079296K
  class space    used 4662K, capacity 5031K, committed 5032K, reserved 1048576K
}
Event: 1.743 GC heap before
{Heap before GC invocations=8 (full 2):
 PSYoungGen      total 211456K, used 9698K [0x000000076b000000, 0x0000000778d80000, 0x00000007c0000000)
  eden space 201728K, 0% used [0x000000076b000000,0x000000076b000000,0x0000000777500000)
  from space 9728K, 99% used [0x0000000778100000,0x0000000778a78af0,0x0000000778a80000)
  to   space 12288K, 0% used [0x0000000777500000,0x0000000777500000,0x0000000778100000)
 ParOldGen       total 100352K, used 10850K [0x00000006c1000000, 0x00000006c7200000, 0x000000076b000000)
  object space 100352K, 10% used [0x00000006c1000000,0x00000006c1a98a60,0x00000006c7200000)
 Metaspace       used 33537K, capacity 35438K, committed 35496K, reserved 1079296K
  class space    used 4662K, capacity 5031K, committed 5032K, reserved 1048576K
Event: 1.774 GC heap after
Heap after GC invocations=8 (full 2):
 PSYoungGen      total 211456K, used 0K [0x000000076b000000, 0x0000000778d80000, 0x00000007c0000000)
  eden space 201728K, 0% used [0x000000076b000000,0x000000076b000000,0x0000000777500000)
  from space 9728K, 0% used [0x0000000778100000,0x0000000778100000,0x0000000778a80000)
  to   space 12288K, 0% used [0x0000000777500000,0x0000000777500000,0x0000000778100000)
 ParOldGen       total 167936K, used 18151K [0x00000006c1000000, 0x00000006cb400000, 0x000000076b000000)
  object space 167936K, 10% used [0x00000006c1000000,0x00000006c21b9c58,0x00000006cb400000)
 Metaspace       used 33537K, capacity 35438K, committed 35496K, reserved 1079296K
  class space    used 4662K, capacity 5031K, committed 5032K, reserved 1048576K
}
Event: 2.439 GC heap before
{Heap before GC invocations=9 (full 2):
 PSYoungGen      total 211456K, used 201728K [0x000000076b000000, 0x0000000778d80000, 0x00000007c0000000)
  eden space 201728K, 100% used [0x000000076b000000,0x0000000777500000,0x0000000777500000)
  from space 9728K, 0% used [0x0000000778100000,0x0000000778100000,0x0000000778a80000)
  to   space 12288K, 0% used [0x0000000777500000,0x0000000777500000,0x0000000778100000)
 ParOldGen       total 167936K, used 18151K [0x00000006c1000000, 0x00000006cb400000, 0x000000076b000000)
  object space 167936K, 10% used [0x00000006c1000000,0x00000006c21b9c58,0x00000006cb400000)
 Metaspace       used 48665K, capacity 51298K, committed 51368K, reserved 1093632K
  class space    used 6820K, capacity 7304K, committed 7336K, reserved 1048576K
Event: 2.447 GC heap after
Heap after GC invocations=9 (full 2):
 PSYoungGen      total 214016K, used 12263K [0x000000076b000000, 0x000000077e080000, 0x00000007c0000000)
  eden space 201728K, 0% used [0x000000076b000000,0x000000076b000000,0x0000000777500000)
  from space 12288K, 99% used [0x0000000777500000,0x00000007780f9c48,0x0000000778100000)
  to   space 17408K, 0% used [0x000000077cf80000,0x000000077cf80000,0x000000077e080000)
 ParOldGen       total 167936K, used 26066K [0x00000006c1000000, 0x00000006cb400000, 0x000000076b000000)
  object space 167936K, 15% used [0x00000006c1000000,0x00000006c2974880,0x00000006cb400000)
 Metaspace       used 48665K, capacity 51298K, committed 51368K, reserved 1093632K
  class space    used 6820K, capacity 7304K, committed 7336K, reserved 1048576K
}
Event: 8.615 GC heap before
{Heap before GC invocations=10 (full 2):
 PSYoungGen      total 214016K, used 130331K [0x000000076b000000, 0x000000077e080000, 0x00000007c0000000)
  eden space 201728K, 58% used [0x000000076b000000,0x000000077234cfc0,0x0000000777500000)
  from space 12288K, 99% used [0x0000000777500000,0x00000007780f9c48,0x0000000778100000)
  to   space 17408K, 0% used [0x000000077cf80000,0x000000077cf80000,0x000000077e080000)
 ParOldGen       total 167936K, used 26066K [0x00000006c1000000, 0x00000006cb400000, 0x000000076b000000)
  object space 167936K, 15% used [0x00000006c1000000,0x00000006c2974880,0x00000006cb400000)
 Metaspace       used 55799K, capacity 58977K, committed 59160K, reserved 1099776K
  class space    used 7699K, capacity 8232K, committed 8232K, reserved 1048576K
Event: 8.621 GC heap after
Heap after GC invocations=10 (full 2):
 PSYoungGen      total 281088K, used 15907K [0x000000076b000000, 0x000000077df80000, 0x00000007c0000000)
  eden space 264704K, 0% used [0x000000076b000000,0x000000076b000000,0x000000077b280000)
  from space 16384K, 97% used [0x000000077cf80000,0x000000077df08c48,0x000000077df80000)
  to   space 18944K, 0% used [0x000000077ba80000,0x000000077ba80000,0x000000077cd00000)
 ParOldGen       total 167936K, used 26074K [0x00000006c1000000, 0x00000006cb400000, 0x000000076b000000)
  object space 167936K, 15% used [0x00000006c1000000,0x00000006c2976880,0x00000006cb400000)
 Metaspace       used 55799K, capacity 58977K, committed 59160K, reserved 1099776K
  class space    used 7699K, capacity 8232K, committed 8232K, reserved 1048576K
}
Event: 8.621 GC heap before
{Heap before GC invocations=11 (full 3):
 PSYoungGen      total 281088K, used 15907K [0x000000076b000000, 0x000000077df80000, 0x00000007c0000000)
  eden space 264704K, 0% used [0x000000076b000000,0x000000076b000000,0x000000077b280000)
  from space 16384K, 97% used [0x000000077cf80000,0x000000077df08c48,0x000000077df80000)
  to   space 18944K, 0% used [0x000000077ba80000,0x000000077ba80000,0x000000077cd00000)
 ParOldGen       total 167936K, used 26074K [0x00000006c1000000, 0x00000006cb400000, 0x000000076b000000)
  object space 167936K, 15% used [0x00000006c1000000,0x00000006c2976880,0x00000006cb400000)
 Metaspace       used 55799K, capacity 58977K, committed 59160K, reserved 1099776K
  class space    used 7699K, capacity 8232K, committed 8232K, reserved 1048576K
Event: 8.678 GC heap after
Heap after GC invocations=11 (full 3):
 PSYoungGen      total 281088K, used 0K [0x000000076b000000, 0x000000077df80000, 0x00000007c0000000)
  eden space 264704K, 0% used [0x000000076b000000,0x000000076b000000,0x000000077b280000)
  from space 16384K, 0% used [0x000000077cf80000,0x000000077cf80000,0x000000077df80000)
  to   space 18944K, 0% used [0x000000077ba80000,0x000000077ba80000,0x000000077cd00000)
 ParOldGen       total 236032K, used 26487K [0x00000006c1000000, 0x00000006cf680000, 0x000000076b000000)
  object space 236032K, 11% used [0x00000006c1000000,0x00000006c29ddf88,0x00000006cf680000)
 Metaspace       used 55797K, capacity 58971K, committed 59160K, reserved 1099776K
  class space    used 7699K, capacity 8231K, committed 8232K, reserved 1048576K
}

