# JRE version: Java(TM) SE Runtime Environment (8.0_271-b09) (build 1.8.0_271-b09)
# Java VM: Java HotSpot(TM) 64-Bit Server VM (25.271-b09 mixed mode windows-amd64 compressed oops)
Heap:
 PSYoungGen      total 288256K, used 124486K [0x000000076b000000, 0x000000077e680000, 0x00000007c0000000)
  eden space 271872K, 45% used [0x000000076b000000,0x0000000772991b48,0x000000077b980000)
  from space 16384K, 0% used [0x000000077d680000,0x000000077d680000,0x000000077e680000)
  to   space 18944K, 0% used [0x000000077c180000,0x000000077c180000,0x000000077d400000)
 ParOldGen       total 231424K, used 26622K [0x00000006c1000000, 0x00000006cf200000, 0x000000076b000000)
  object space 231424K, 11% used [0x00000006c1000000,0x00000006c29ff8f8,0x00000006cf200000)
 Metaspace       used 58997K, capacity 62258K, committed 62504K, reserved 1103872K
  class space    used 8127K, capacity 8689K, committed 8744K, reserved 1048576K
GC Heap History (10 events):
Event: 1.708 GC heap before
{Heap before GC invocations=7 (full 1):
 PSYoungGen      total 141824K, used 123573K [0x000000076b000000, 0x0000000778e00000, 0x00000007c0000000)
  eden space 131072K, 87% used [0x000000076b000000,0x0000000772008928,0x0000000773000000)
  from space 10752K, 82% used [0x0000000773000000,0x00000007738a4b08,0x0000000773a80000)
  to   space 9728K, 0% used [0x0000000778480000,0x0000000778480000,0x0000000778e00000)
 ParOldGen       total 98816K, used 7967K [0x00000006c1000000, 0x00000006c7080000, 0x000000076b000000)
  object space 98816K, 8% used [0x00000006c1000000,0x00000006c17c7ee0,0x00000006c7080000)
 Metaspace       used 33520K, capacity 35410K, committed 35496K, reserved 1079296K
  class space    used 4659K, capacity 4999K, committed 5032K, reserved 1048576K
Event: 1.713 GC heap after
Heap after GC invocations=7 (full 1):
 PSYoungGen      total 215040K, used 9719K [0x000000076b000000, 0x0000000779100000, 0x00000007c0000000)
  eden space 205312K, 0% used [0x000000076b000000,0x000000076b000000,0x0000000777880000)
  from space 9728K, 99% used [0x0000000778480000,0x0000000778dfde58,0x0000000778e00000)
  to   space 12288K, 0% used [0x0000000777880000,0x0000000777880000,0x0000000778480000)
 ParOldGen       total 98816K, used 10802K [0x00000006c1000000, 0x00000006c7080000, 0x000000076b000000)
  object space 98816K, 10% used [0x00000006c1000000,0x00000006c1a8c908,0x00000006c7080000)
 Metaspace       used 33520K, capacity 35410K, committed 35496K, reserved 1079296K
  class space    used 4659K, capacity 4999K, committed 5032K, reserved 1048576K
}
Event: 1.713 GC heap before
{Heap before GC invocations=8 (full 2):
 PSYoungGen      total 215040K, used 9719K [0x000000076b000000, 0x0000000779100000, 0x00000007c0000000)
  eden space 205312K, 0% used [0x000000076b000000,0x000000076b000000,0x0000000777880000)
  from space 9728K, 99% used [0x0000000778480000,0x0000000778dfde58,0x0000000778e00000)
  to   space 12288K, 0% used [0x0000000777880000,0x0000000777880000,0x0000000778480000)
 ParOldGen       total 98816K, used 10802K [0x00000006c1000000, 0x00000006c7080000, 0x000000076b000000)
  object space 98816K, 10% used [0x00000006c1000000,0x00000006c1a8c908,0x00000006c7080000)
 Metaspace       used 33520K, capacity 35410K, committed 35496K, reserved 1079296K
  class space    used 4659K, capacity 4999K, committed 5032K, reserved 1048576K
Event: 1.744 GC heap after
Heap after GC invocations=8 (full 2):
 PSYoungGen      total 215040K, used 0K [0x000000076b000000, 0x0000000779100000, 0x00000007c0000000)
  eden space 205312K, 0% used [0x000000076b000000,0x000000076b000000,0x0000000777880000)
  from space 9728K, 0% used [0x0000000778480000,0x0000000778480000,0x0000000778e00000)
  to   space 12288K, 0% used [0x0000000777880000,0x0000000777880000,0x0000000778480000)
 ParOldGen       total 164352K, used 18145K [0x00000006c1000000, 0x00000006cb080000, 0x000000076b000000)
  object space 164352K, 11% used [0x00000006c1000000,0x00000006c21b8410,0x00000006cb080000)
 Metaspace       used 33520K, capacity 35410K, committed 35496K, reserved 1079296K
  class space    used 4659K, capacity 4999K, committed 5032K, reserved 1048576K
}
Event: 2.398 GC heap before
{Heap before GC invocations=9 (full 2):
 PSYoungGen      total 215040K, used 205312K [0x000000076b000000, 0x0000000779100000, 0x00000007c0000000)
  eden space 205312K, 100% used [0x000000076b000000,0x0000000777880000,0x0000000777880000)
  from space 9728K, 0% used [0x0000000778480000,0x0000000778480000,0x0000000778e00000)
  to   space 12288K, 0% used [0x0000000777880000,0x0000000777880000,0x0000000778480000)
 ParOldGen       total 164352K, used 18145K [0x00000006c1000000, 0x00000006cb080000, 0x000000076b000000)
  object space 164352K, 11% used [0x00000006c1000000,0x00000006c21b8410,0x00000006cb080000)
 Metaspace       used 48669K, capacity 51354K, committed 51624K, reserved 1093632K
  class space    used 6826K, capacity 7312K, committed 7336K, reserved 1048576K
Event: 2.406 GC heap after
Heap after GC invocations=9 (full 2):
 PSYoungGen      total 217600K, used 12258K [0x000000076b000000, 0x000000077e780000, 0x00000007c0000000)
  eden space 205312K, 0% used [0x000000076b000000,0x000000076b000000,0x0000000777880000)
  from space 12288K, 99% used [0x0000000777880000,0x00000007784788f8,0x0000000778480000)
  to   space 17408K, 0% used [0x000000077d680000,0x000000077d680000,0x000000077e780000)
 ParOldGen       total 164352K, used 26328K [0x00000006c1000000, 0x00000006cb080000, 0x000000076b000000)
  object space 164352K, 16% used [0x00000006c1000000,0x00000006c29b6060,0x00000006cb080000)
 Metaspace       used 48669K, capacity 51354K, committed 51624K, reserved 1093632K
  class space    used 6826K, capacity 7312K, committed 7336K, reserved 1048576K
}
Event: 7.180 GC heap before
{Heap before GC invocations=10 (full 2):
 PSYoungGen      total 217600K, used 121301K [0x000000076b000000, 0x000000077e780000, 0x00000007c0000000)
  eden space 205312K, 53% used [0x000000076b000000,0x0000000771a7ce10,0x0000000777880000)
  from space 12288K, 99% used [0x0000000777880000,0x00000007784788f8,0x0000000778480000)
  to   space 17408K, 0% used [0x000000077d680000,0x000000077d680000,0x000000077e780000)
 ParOldGen       total 164352K, used 26328K [0x00000006c1000000, 0x00000006cb080000, 0x000000076b000000)
  object space 164352K, 16% used [0x00000006c1000000,0x00000006c29b6060,0x00000006cb080000)
 Metaspace       used 55881K, capacity 59034K, committed 59160K, reserved 1099776K
  class space    used 7717K, capacity 8246K, committed 8360K, reserved 1048576K
Event: 7.186 GC heap after
Heap after GC invocations=10 (full 2):
 PSYoungGen      total 288256K, used 16099K [0x000000076b000000, 0x000000077e680000, 0x00000007c0000000)
  eden space 271872K, 0% used [0x000000076b000000,0x000000076b000000,0x000000077b980000)
  from space 16384K, 98% used [0x000000077d680000,0x000000077e638ee8,0x000000077e680000)
  to   space 18944K, 0% used [0x000000077c180000,0x000000077c180000,0x000000077d400000)
 ParOldGen       total 164352K, used 26336K [0x00000006c1000000, 0x00000006cb080000, 0x000000076b000000)
  object space 164352K, 16% used [0x00000006c1000000,0x00000006c29b8060,0x00000006cb080000)
 Metaspace       used 55881K, capacity 59034K, committed 59160K, reserved 1099776K
  class space    used 7717K, capacity 8246K, committed 8360K, reserved 1048576K
}
Event: 7.186 GC heap before
{Heap before GC invocations=11 (full 3):
 PSYoungGen      total 288256K, used 16099K [0x000000076b000000, 0x000000077e680000, 0x00000007c0000000)
  eden space 271872K, 0% used [0x000000076b000000,0x000000076b000000,0x000000077b980000)
  from space 16384K, 98% used [0x000000077d680000,0x000000077e638ee8,0x000000077e680000)
  to   space 18944K, 0% used [0x000000077c180000,0x000000077c180000,0x000000077d400000)
 ParOldGen       total 164352K, used 26336K [0x00000006c1000000, 0x00000006cb080000, 0x000000076b000000)
  object space 164352K, 16% used [0x00000006c1000000,0x00000006c29b8060,0x00000006cb080000)
 Metaspace       used 55881K, capacity 59034K, committed 59160K, reserved 1099776K
  class space    used 7717K, capacity 8246K, committed 8360K, reserved 1048576K
Event: 7.251 GC heap after
Heap after GC invocations=11 (full 3):
 PSYoungGen      total 288256K, used 0K [0x000000076b000000, 0x000000077e680000, 0x00000007c0000000)
  eden space 271872K, 0% used [0x000000076b000000,0x000000076b000000,0x000000077b980000)
  from space 16384K, 0% used [0x000000077d680000,0x000000077d680000,0x000000077e680000)
  to   space 18944K, 0% used [0x000000077c180000,0x000000077c180000,0x000000077d400000)
 ParOldGen       total 231424K, used 26622K [0x00000006c1000000, 0x00000006cf200000, 0x000000076b000000)
  object space 231424K, 11% used [0x00000006c1000000,0x00000006c29ff8f8,0x00000006cf200000)
 Metaspace       used 55876K, capacity 59016K, committed 59160K, reserved 1099776K
  class space    used 7715K, capacity 8243K, committed 8360K, reserved 1048576K
}

